<?xml version="1.0" encoding="UTF-8"?>
<!-- Generated by org.testng.reporters.JUnitReportReporter -->
<testsuite hostname="Dhineshkumar" failures="0" tests="1" name="flipkartselenium.TestNGRevision" time="0.024" errors="0" timestamp="2024-12-10T19:34:06 IST" skipped="0">
  <testcase classname="flipkartselenium.TestNGRevision" name="register" time="0.024"/>
</testsuite> <!-- flipkartselenium.TestNGRevision -->
