<?xml version="1.0" encoding="UTF-8"?>
<!-- Generated by org.testng.reporters.JUnitReportReporter -->
<testsuite hostname="Dhineshkumar" failures="0" tests="1" name="flipkartselenium.RobotClass" time="2.767" errors="0" timestamp="2024-12-16T13:42:05 IST" skipped="0">
  <testcase classname="flipkartselenium.RobotClass" name="data" time="2.767"/>
</testsuite> <!-- flipkartselenium.RobotClass -->
