<?xml version="1.0" encoding="UTF-8"?>
<!-- Generated by org.testng.reporters.JUnitReportReporter -->
<testsuite hostname="Dhineshkumar" failures="0" tests="3" name="flipkartselenium.TestNGRevision2" time="0.043" errors="0" timestamp="2024-12-09T12:39:55 IST" skipped="0">
  <testcase classname="flipkartselenium.TestNGRevision2" name="login" time="0.016"/>
  <testcase classname="flipkartselenium.TestNGRevision2" name="login" time="0.021"/>
  <testcase classname="flipkartselenium.TestNGRevision2" name="logout" time="0.006"/>
</testsuite> <!-- flipkartselenium.TestNGRevision2 -->
