<?xml version="1.0" encoding="UTF-8"?>
<!-- Generated by org.testng.reporters.JUnitReportReporter -->
<testsuite hostname="Dhineshkumar" failures="0" tests="1" name="flipkartselenium.Tutorial" time="5.512" errors="0" timestamp="2024-12-11T14:31:57 IST" skipped="0">
  <testcase classname="flipkartselenium.Tutorial" name="brwser" time="5.512"/>
</testsuite> <!-- flipkartselenium.Tutorial -->
